# JRE version: Java(TM) SE Runtime Environment (8.0_211-b12) (build 1.8.0_211-b12)
# Java VM: Java HotSpot(TM) 64-Bit Server VM (25.211-b12 mixed mode windows-amd64 compressed oops)
Heap:
 PSYoungGen      total 76288K, used 28934K [0x000000076b300000, 0x0000000772200000, 0x00000007c0000000)
  eden space 65536K, 35% used [0x000000076b300000,0x000000076ca02c08,0x000000076f300000)
  from space 10752K, 49% used [0x000000076f300000,0x000000076f83ef40,0x000000076fd80000)
  to   space 10752K, 0% used [0x0000000771780000,0x0000000771780000,0x0000000772200000)
 ParOldGen       total 104960K, used 6289K [0x00000006c1800000, 0x00000006c7e80000, 0x000000076b300000)
  object space 104960K, 5% used [0x00000006c1800000,0x00000006c1e24618,0x00000006c7e80000)
 Metaspace       used 27298K, capacity 28296K, committed 28544K, reserved 1073152K
  class space    used 3614K, capacity 3853K, committed 3968K, reserved 1048576K
GC Heap History (8 events):
Event: 3.672 GC heap before
{Heap before GC invocations=1 (full 0):
 PSYoungGen      total 76288K, used 65536K [0x000000076b300000, 0x0000000770800000, 0x00000007c0000000)
  eden space 65536K, 100% used [0x000000076b300000,0x000000076f300000,0x000000076f300000)
  from space 10752K, 0% used [0x000000076fd80000,0x000000076fd80000,0x0000000770800000)
  to   space 10752K, 0% used [0x000000076f300000,0x000000076f300000,0x000000076fd80000)
 ParOldGen       total 175104K, used 0K [0x00000006c1800000, 0x00000006cc300000, 0x000000076b300000)
  object space 175104K, 0% used [0x00000006c1800000,0x00000006c1800000,0x00000006cc300000)
 Metaspace       used 18738K, capacity 19336K, committed 19584K, reserved 1067008K
  class space    used 2462K, capacity 2641K, committed 2688K, reserved 1048576K
Event: 3.678 GC heap after
Heap after GC invocations=1 (full 0):
 PSYoungGen      total 76288K, used 6669K [0x000000076b300000, 0x0000000770800000, 0x00000007c0000000)
  eden space 65536K, 0% used [0x000000076b300000,0x000000076b300000,0x000000076f300000)
  from space 10752K, 62% used [0x000000076f300000,0x000000076f983760,0x000000076fd80000)
  to   space 10752K, 0% used [0x000000076fd80000,0x000000076fd80000,0x0000000770800000)
 ParOldGen       total 175104K, used 88K [0x00000006c1800000, 0x00000006cc300000, 0x000000076b300000)
  object space 175104K, 0% used [0x00000006c1800000,0x00000006c1816010,0x00000006cc300000)
 Metaspace       used 18738K, capacity 19336K, committed 19584K, reserved 1067008K
  class space    used 2462K, capacity 2641K, committed 2688K, reserved 1048576K
}
Event: 3.858 GC heap before
{Heap before GC invocations=2 (full 0):
 PSYoungGen      total 76288K, used 14362K [0x000000076b300000, 0x0000000770800000, 0x00000007c0000000)
  eden space 65536K, 11% used [0x000000076b300000,0x000000076ba83120,0x000000076f300000)
  from space 10752K, 62% used [0x000000076f300000,0x000000076f983760,0x000000076fd80000)
  to   space 10752K, 0% used [0x000000076fd80000,0x000000076fd80000,0x0000000770800000)
 ParOldGen       total 175104K, used 88K [0x00000006c1800000, 0x00000006cc300000, 0x000000076b300000)
  object space 175104K, 0% used [0x00000006c1800000,0x00000006c1816010,0x00000006cc300000)
 Metaspace       used 20337K, capacity 21162K, committed 21248K, reserved 1067008K
  class space    used 2773K, capacity 2986K, committed 3072K, reserved 1048576K
Event: 3.864 GC heap after
Heap after GC invocations=2 (full 0):
 PSYoungGen      total 76288K, used 6392K [0x000000076b300000, 0x0000000774800000, 0x00000007c0000000)
  eden space 65536K, 0% used [0x000000076b300000,0x000000076b300000,0x000000076f300000)
  from space 10752K, 59% used [0x000000076fd80000,0x00000007703be2f0,0x0000000770800000)
  to   space 10752K, 0% used [0x000000076f300000,0x000000076f300000,0x000000076fd80000)
 ParOldGen       total 175104K, used 96K [0x00000006c1800000, 0x00000006cc300000, 0x000000076b300000)
  object space 175104K, 0% used [0x00000006c1800000,0x00000006c1818010,0x00000006cc300000)
 Metaspace       used 20337K, capacity 21162K, committed 21248K, reserved 1067008K
  class space    used 2773K, capacity 2986K, committed 3072K, reserved 1048576K
}
Event: 3.864 GC heap before
{Heap before GC invocations=3 (full 1):
 PSYoungGen      total 76288K, used 6392K [0x000000076b300000, 0x0000000774800000, 0x00000007c0000000)
  eden space 65536K, 0% used [0x000000076b300000,0x000000076b300000,0x000000076f300000)
  from space 10752K, 59% used [0x000000076fd80000,0x00000007703be2f0,0x0000000770800000)
  to   space 10752K, 0% used [0x000000076f300000,0x000000076f300000,0x000000076fd80000)
 ParOldGen       total 175104K, used 96K [0x00000006c1800000, 0x00000006cc300000, 0x000000076b300000)
  object space 175104K, 0% used [0x00000006c1800000,0x00000006c1818010,0x00000006cc300000)
 Metaspace       used 20337K, capacity 21162K, committed 21248K, reserved 1067008K
  class space    used 2773K, capacity 2986K, committed 3072K, reserved 1048576K
Event: 3.895 GC heap after
Heap after GC invocations=3 (full 1):
 PSYoungGen      total 76288K, used 0K [0x000000076b300000, 0x0000000774800000, 0x00000007c0000000)
  eden space 65536K, 0% used [0x000000076b300000,0x000000076b300000,0x000000076f300000)
  from space 10752K, 0% used [0x000000076fd80000,0x000000076fd80000,0x0000000770800000)
  to   space 10752K, 0% used [0x000000076f300000,0x000000076f300000,0x000000076fd80000)
 ParOldGen       total 104960K, used 6281K [0x00000006c1800000, 0x00000006c7e80000, 0x000000076b300000)
  object space 104960K, 5% used [0x00000006c1800000,0x00000006c1e22618,0x00000006c7e80000)
 Metaspace       used 20337K, capacity 21162K, committed 21248K, reserved 1067008K
  class space    used 2773K, capacity 2986K, committed 3072K, reserved 1048576K
}
Event: 16.960 GC heap before
{Heap before GC invocations=4 (full 1):
 PSYoungGen      total 76288K, used 65536K [0x000000076b300000, 0x0000000774800000, 0x00000007c0000000)
  eden space 65536K, 100% used [0x000000076b300000,0x000000076f300000,0x000000076f300000)
  from space 10752K, 0% used [0x000000076fd80000,0x000000076fd80000,0x0000000770800000)
  to   space 10752K, 0% used [0x000000076f300000,0x000000076f300000,0x000000076fd80000)
 ParOldGen       total 104960K, used 6281K [0x00000006c1800000, 0x00000006c7e80000, 0x000000076b300000)
  object space 104960K, 5% used [0x00000006c1800000,0x00000006c1e22618,0x00000006c7e80000)
 Metaspace       used 23883K, capacity 24938K, committed 25088K, reserved 1071104K
  class space    used 3291K, capacity 3550K, committed 3584K, reserved 1048576K
Event: 16.962 GC heap after
Heap after GC invocations=4 (full 1):
 PSYoungGen      total 76288K, used 5371K [0x000000076b300000, 0x0000000772200000, 0x00000007c0000000)
  eden space 65536K, 0% used [0x000000076b300000,0x000000076b300000,0x000000076f300000)
  from space 10752K, 49% used [0x000000076f300000,0x000000076f83ef40,0x000000076fd80000)
  to   space 10752K, 0% used [0x0000000771780000,0x0000000771780000,0x0000000772200000)
 ParOldGen       total 104960K, used 6289K [0x00000006c1800000, 0x00000006c7e80000, 0x000000076b300000)
  object space 104960K, 5% used [0x00000006c1800000,0x00000006c1e24618,0x00000006c7e80000)
 Metaspace       used 23883K, capacity 24938K, committed 25088K, reserved 1071104K
  class space    used 3291K, capacity 3550K, committed 3584K, reserved 1048576K
}

